======================================================================
etap_172: Bulkowski reversal-pattern detectors
12 patterns íŕ BTC 12h, 2020-01-01 -> 2024-12-31 (train) + OOS
======================================================================

Loading BTC 1h, composing 12h...
  12h bars: 4684  range 2020-01-01 00:00:00+00:00 -> 2026-05-30 12:00:00+00:00
  (0.1s)

Running 13 detectors over every 12h bar...
  total signals: 520  (3.1s)

Walking forward to determine ultimate extreme per signal...
  outcomes for: 520 signals  (0.1s)

======================================================================
Bulkowski-style stats: TRAIN (2020-2024)
======================================================================
           pattern      n   fail%   avg_mov%   med_bars   bust%   tgt%   half%
----------------------------------------------------------------------
       barr_bottom      7   28.6%    +27.32%         48   28.6%  71.4%   71.4%
          barr_top     13   23.1%    +17.95%         18   38.5%  46.2%   53.8%
             big_m     87   20.7%    +16.04%         30   58.6%  77.0%   89.7%
             big_w     89   16.9%    +29.83%         77   51.7%  76.4%   89.9%
        db_eve_eve     49   16.3%    +29.62%         53   53.1%  71.4%   89.8%
       diamond_top     19   26.3%    +25.54%         13   31.6%  47.4%   68.4%
         hs_bottom     30   13.3%    +31.62%         84   60.0%  63.3%   83.3%
            hs_top     30   13.3%    +18.35%         44   53.3%  70.0%   86.7%
        triple_top     23   26.1%    +15.51%         41   52.2%  73.9%   73.9%
          v_bottom     42   14.3%    +26.62%         62   45.2%  61.9%   83.3%
             v_top     23   17.4%    +20.18%         45   52.2%  56.5%   78.3%

======================================================================
OOS (2025-2026.05)
======================================================================
           pattern      n   fail%   avg_mov%   med_bars   bust%   tgt%   half%
----------------------------------------------------------------------
          barr_top      4   25.0%     +8.27%         22   50.0%  25.0%   75.0%
             big_m     25   12.0%    +19.14%         63   76.0%  76.0%   92.0%
             big_w     30   16.7%    +17.90%         74   56.7%  83.3%   93.3%
        db_eve_eve     13   23.1%    +16.61%        101   69.2%  76.9%   92.3%
       diamond_top      3    0.0%    +11.47%         46   66.7%  33.3%  100.0%
         hs_bottom      3    0.0%    +10.32%        122   66.7%  66.7%  100.0%
            hs_top      9   22.2%    +16.92%         60   88.9%  88.9%   88.9%
        triple_top      7   28.6%    +17.54%         83   71.4%  85.7%   85.7%
          v_bottom      8   25.0%    +20.20%        115   75.0%  50.0%   75.0%
             v_top      6   16.7%    +21.27%         83   50.0%  66.7%   83.3%

Saved: D:\Users\Andrew\Desktop\Bots\traid-bot\research\elements_study\output\etap_172_stats.csv
Saved: D:\Users\Andrew\Desktop\Bots\traid-bot\research\elements_study\output\etap_172_signals.csv

======================================================================
Done in 3.3s
======================================================================
